2023-04-09 12:57:15,452 :INFO : test_url_status :************Test_URL_status_Passed***********
-09 12:57:15,452 :INFO : test_url_status :************Test_URL_status_Passed***********
2023-04-09 13:05:41,757 :INFO : test_base_url :************Test_Base_URL***********
2023-04-09 13:05:43,865 :INFO : test_base_url :************Test_Base_URL_Passed***********
2023-04-09 13:05:43,865 :INFO : test_base_url :************Test_Base_URL_Passed***********
2023-04-09 13:05:43,883 :INFO : test_url_status :************Test_URL_status***********
2023-04-09 13:05:45,488 :INFO : test_url_status :************Test_URL_status_Passed***********
2023-04-09 13:05:45,488 :INFO : test_url_status :************Test_URL_status_Passed***********
2023-04-09 13:45:26,809 :INFO : test_token_gen :************Test_Auth_URL***********
2023-04-09 13:45:28,955 :INFO : test_token_gen :************Test_Auth_URL_Passed***********
2023-04-09 13:45:28,955 :INFO : test_token_gen :************Test_Auth_URL_Passed***********
2023-04-09 13:45:45,296 :INFO : test_token_gen :************Test_Auth_URL***********
2023-04-09 13:45:47,069 :INFO : test_token_gen :************Test_Auth_URL_Passed***********
2023-04-09 13:45:47,069 :INFO : test_token_gen :************Test_Auth_URL_Passed***********
2023-04-09 13:50:58,612 :INFO : test_token_gen :************Test_Auth_URL***********
2023-04-09 13:51:55,854 :INFO : test_token_gen :************Test_Auth_URL***********
2023-04-09 13:52:35,048 :INFO : test_token_gen :************Test_Auth_URL***********
2023-04-09 13:54:54,525 :INFO : test_token_gen :************Test_Auth_URL***********
2023-04-09 13:54:56,742 :INFO : test_token_gen :************Test_Auth_URL_Passed***********
2023-04-09 13:54:56,742 :INFO : test_token_gen :************Test_Auth_URL_Passed***********
2023-04-09 13:55:05,373 :INFO : test_token_gen :************Test_Auth_URL***********
2023-04-09 13:55:07,147 :INFO : test_token_gen :************Test_Auth_URL_Passed***********
2023-04-09 13:55:07,147 :INFO : test_token_gen :************Test_Auth_URL_Passed***********
2023-04-09 13:55:37,804 :INFO : test_token_gen :************Test_Auth_URL***********
2023-04-09 13:55:39,974 :INFO : test_token_gen :************Test_Auth_URL_Passed***********
2023-04-09 13:55:39,974 :INFO : test_token_gen :************Test_Auth_URL_Passed***********
2023-04-09 13:56:04,951 :INFO : test_token_gen :************Test_Auth_URL***********
2023-04-09 13:56:07,208 :INFO : test_token_gen :************Test_Auth_URL_Passed***********
2023-04-09 13:56:07,208 :INFO : test_token_gen :************Test_Auth_URL_Passed***********
2023-04-09 13:56:07,228 :INFO : test_base_url :************Test_Base_URL***********
2023-04-09 13:56:09,051 :INFO : test_base_url :************Test_Base_URL_Passed***********
2023-04-09 13:56:09,051 :INFO : test_base_url :************Test_Base_URL_Passed***********
2023-04-09 13:56:09,075 :INFO : test_url_status :************Test_URL_status***********
2023-04-09 13:56:10,792 :INFO : test_url_status :************Test_URL_status_Passed***********
2023-04-09 13:56:10,792 :INFO : test_url_status :************Test_URL_status_Passed***********
2023-04-09 13:56:21,472 :INFO : test_token_gen :************Test_Auth_URL***********
2023-04-09 13:56:23,476 :INFO : test_token_gen :************Test_Auth_URL_Passed***********
2023-04-09 13:56:23,476 :INFO : test_token_gen :************Test_Auth_URL_Passed***********
